2018-07-17 08:00:54 DEBUG logDebug:39 - Run taskMultiple.Multiple()
2018-07-17 08:00:54 DEBUG logDebug:39 - Run taskMultiple.Multiple()
2018-07-17 08:00:54 DEBUG logDebug:71 - For 3 - three
2018-07-17 08:00:54 DEBUG logDebug:71 - For 5 - five
2018-07-17 08:00:54 DEBUG logDebug:71 - For 6 - three
2018-07-17 08:00:54 DEBUG logDebug:71 - For 9 - three
2018-07-17 08:00:54 DEBUG logDebug:71 - For 10 - five
2018-07-17 08:00:54 DEBUG logDebug:71 - For 12 - three
2018-07-17 08:00:54 DEBUG logDebug:71 - For 15 - threefive
2018-07-17 08:00:54 DEBUG logDebug:54 - Max iterration(s) of circle is/are 15
2018-07-17 08:00:54 DEBUG logDebug:39 - Run taskMultiple.Multiple()
2018-07-17 08:00:54 DEBUG logDebug:39 - Run taskMultiple.Multiple()
2018-07-17 08:00:54 ERROR logError:89 - Exception because divide at zero
2018-07-17 08:00:54 DEBUG logDebug:39 - Run taskMultiple.Multiple()
2018-07-17 08:00:54 DEBUG logDebug:39 - Run taskMultiple.Multiple()
2018-07-17 10:38:01 DEBUG logDebug:55 - Run taskMultiple.Multiple()
2018-07-17 10:38:01 DEBUG logDebug:55 - Run taskMultiple.Multiple()
2018-07-17 10:38:01 DEBUG logDebug:104 - For 3 - three
2018-07-17 10:38:01 DEBUG logDebug:104 - For 5 - five
2018-07-17 10:38:01 DEBUG logDebug:104 - For 6 - three
2018-07-17 10:38:01 DEBUG logDebug:104 - For 9 - three
2018-07-17 10:38:01 DEBUG logDebug:104 - For 10 - five
2018-07-17 10:38:01 DEBUG logDebug:104 - For 12 - three
2018-07-17 10:38:01 DEBUG logDebug:104 - For 15 - threefive
2018-07-17 10:38:01 DEBUG logDebug:81 - Max iterration(s) of circle is/are 15
2018-07-17 10:38:01 DEBUG logDebug:55 - Run taskMultiple.Multiple()
2018-07-17 10:38:01 DEBUG logDebug:55 - Run taskMultiple.Multiple()
2018-07-17 10:38:01 ERROR logError:131 - Exception because divide at zero
2018-07-17 10:38:01 DEBUG logDebug:55 - Run taskMultiple.Multiple()
2018-07-17 10:38:01 DEBUG logDebug:55 - Run taskMultiple.Multiple()
2018-07-17 10:51:28 DEBUG logDebug:55 - Run taskMultiple.Multiple()
2018-07-17 10:51:28 DEBUG logDebug:55 - Run taskMultiple.Multiple()
2018-07-17 10:51:28 DEBUG logDebug:104 - For 3 - three
2018-07-17 10:51:28 DEBUG logDebug:104 - For 5 - five
2018-07-17 10:51:28 DEBUG logDebug:104 - For 6 - three
2018-07-17 10:51:28 DEBUG logDebug:104 - For 9 - three
2018-07-17 10:51:28 DEBUG logDebug:104 - For 10 - five
2018-07-17 10:51:28 DEBUG logDebug:104 - For 12 - three
2018-07-17 10:51:28 DEBUG logDebug:104 - For 15 - threefive
2018-07-17 10:51:28 DEBUG logDebug:81 - Max iterration(s) of circle is/are 15
2018-07-17 10:51:28 DEBUG logDebug:55 - Run taskMultiple.Multiple()
2018-07-17 10:51:28 DEBUG logDebug:55 - Run taskMultiple.Multiple()
2018-07-17 10:51:28 ERROR logError:131 - Exception because divide at zero
2018-07-17 10:51:28 DEBUG logDebug:55 - Run taskMultiple.Multiple()
2018-07-17 10:51:28 DEBUG logDebug:55 - Run taskMultiple.Multiple()
2018-07-17 10:54:54 DEBUG logDebug:66 - Run taskMultiple.Multiple(Map<Integer, String> dividerMap ,int dividedMax)
2018-07-17 10:54:54 DEBUG logDebug:102 - For 3 - three
2018-07-17 10:54:54 DEBUG logDebug:102 - For 5 - five
2018-07-17 10:54:54 DEBUG logDebug:102 - For 6 - three
2018-07-17 10:54:54 DEBUG logDebug:102 - For 9 - three
2018-07-17 10:54:54 DEBUG logDebug:102 - For 10 - five
2018-07-17 10:54:54 DEBUG logDebug:102 - For 12 - three
2018-07-17 10:54:54 DEBUG logDebug:102 - For 15 - threefive
2018-07-17 10:54:54 DEBUG logDebug:79 - Max iterration(s) of circle is/are 15
